The target system is: Generic -  - 
The host system is: Linux - 3.8.0-31-generic - i686
Compiling the C compiler identification source file "CMakeCCompilerId.c" succeeded.
Compiler: /usr/bin/avr-gcc 
Build flags: 
Id flags: 

The output was:
0


Compilation of the C compiler identification source "CMakeCCompilerId.c" produced "a.out"

The C compiler identification is GNU, found in "/home/njozsef/cheali-git/cheali-charger-test1/CMakeFiles/2.8.11.2/CompilerIdC/a.out"

Compiling the CXX compiler identification source file "CMakeCXXCompilerId.cpp" succeeded.
Compiler: /usr/bin/avr-g++ 
Build flags: 
Id flags: 

The output was:
0


Compilation of the CXX compiler identification source "CMakeCXXCompilerId.cpp" produced "a.out"

The CXX compiler identification is GNU, found in "/home/njozsef/cheali-git/cheali-charger-test1/CMakeFiles/2.8.11.2/CompilerIdCXX/a.out"

Determining if the C compiler works passed with the following output:
Change Dir: /home/njozsef/cheali-git/cheali-charger-test1/CMakeFiles/CMakeTmp

Run Build Command:/usr/bin/make "cmTryCompileExec1300155331/fast"
/usr/bin/make -f CMakeFiles/cmTryCompileExec1300155331.dir/build.make CMakeFiles/cmTryCompileExec1300155331.dir/build
make[1]: Entering directory `/home/njozsef/cheali-git/cheali-charger-test1/CMakeFiles/CMakeTmp'
/usr/bin/cmake -E cmake_progress_report /home/njozsef/cheali-git/cheali-charger-test1/CMakeFiles/CMakeTmp/CMakeFiles 1
Building C object CMakeFiles/cmTryCompileExec1300155331.dir/testCCompiler.c.obj
/usr/bin/avr-gcc    -o CMakeFiles/cmTryCompileExec1300155331.dir/testCCompiler.c.obj   -c /home/njozsef/cheali-git/cheali-charger-test1/CMakeFiles/CMakeTmp/testCCompiler.c
Linking C executable cmTryCompileExec1300155331
/usr/bin/cmake -E cmake_link_script CMakeFiles/cmTryCompileExec1300155331.dir/link.txt --verbose=1
/usr/bin/avr-gcc         CMakeFiles/cmTryCompileExec1300155331.dir/testCCompiler.c.obj  -o cmTryCompileExec1300155331  
make[1]: Leaving directory `/home/njozsef/cheali-git/cheali-charger-test1/CMakeFiles/CMakeTmp'


Detecting C compiler ABI info compiled with the following output:
Change Dir: /home/njozsef/cheali-git/cheali-charger-test1/CMakeFiles/CMakeTmp

Run Build Command:/usr/bin/make "cmTryCompileExec689161469/fast"
/usr/bin/make -f CMakeFiles/cmTryCompileExec689161469.dir/build.make CMakeFiles/cmTryCompileExec689161469.dir/build
make[1]: Entering directory `/home/njozsef/cheali-git/cheali-charger-test1/CMakeFiles/CMakeTmp'
/usr/bin/cmake -E cmake_progress_report /home/njozsef/cheali-git/cheali-charger-test1/CMakeFiles/CMakeTmp/CMakeFiles 1
Building C object CMakeFiles/cmTryCompileExec689161469.dir/CMakeCCompilerABI.c.obj
/usr/bin/avr-gcc    -o CMakeFiles/cmTryCompileExec689161469.dir/CMakeCCompilerABI.c.obj   -c /usr/share/cmake-2.8/Modules/CMakeCCompilerABI.c
Linking C executable cmTryCompileExec689161469
/usr/bin/cmake -E cmake_link_script CMakeFiles/cmTryCompileExec689161469.dir/link.txt --verbose=1
/usr/bin/avr-gcc       -v CMakeFiles/cmTryCompileExec689161469.dir/CMakeCCompilerABI.c.obj  -o cmTryCompileExec689161469   
Using built-in specs.
COLLECT_GCC=/usr/bin/avr-gcc
COLLECT_LTO_WRAPPER=/usr/lib/gcc/avr/4.7.2/lto-wrapper
Target: avr
Configured with: ../src/configure -v --enable-languages=c,c++ --prefix=/usr/lib --infodir=/usr/share/info --mandir=/usr/share/man --bindir=/usr/bin --libexecdir=/usr/lib --libdir=/usr/lib --enable-shared --with-system-zlib --enable-long-long --enable-nls --without-included-gettext --disable-libssp --build=i686-linux-gnu --host=i686-linux-gnu --target=avr
Thread model: single
gcc version 4.7.2 (GCC) 
COMPILER_PATH=/usr/lib/gcc/avr/4.7.2/:/usr/lib/gcc/avr/4.7.2/:/usr/lib/gcc/avr/:/usr/lib/gcc/avr/4.7.2/:/usr/lib/gcc/avr/:/usr/lib/gcc/avr/4.7.2/../../../avr/bin/
LIBRARY_PATH=/usr/lib/gcc/avr/4.7.2/:/usr/lib/gcc/avr/4.7.2/../../../avr/lib/
COLLECT_GCC_OPTIONS='-v' '-o' 'cmTryCompileExec689161469'
 /usr/lib/gcc/avr/4.7.2/collect2 -o cmTryCompileExec689161469 -L/usr/lib/gcc/avr/4.7.2 -L/usr/lib/gcc/avr/4.7.2/../../../avr/lib CMakeFiles/cmTryCompileExec689161469.dir/CMakeCCompilerABI.c.obj -lgcc -lc -lgcc
make[1]: Leaving directory `/home/njozsef/cheali-git/cheali-charger-test1/CMakeFiles/CMakeTmp'


Parsed C implicit link information from above output:
  link line regex: [^( *|.*[/\])(avr-ld|ld|collect2)[^/\]*( |$)]
  ignore line: [Change Dir: /home/njozsef/cheali-git/cheali-charger-test1/CMakeFiles/CMakeTmp]
  ignore line: []
  ignore line: [Run Build Command:/usr/bin/make "cmTryCompileExec689161469/fast"]
  ignore line: [/usr/bin/make -f CMakeFiles/cmTryCompileExec689161469.dir/build.make CMakeFiles/cmTryCompileExec689161469.dir/build]
  ignore line: [make[1]: Entering directory `/home/njozsef/cheali-git/cheali-charger-test1/CMakeFiles/CMakeTmp']
  ignore line: [/usr/bin/cmake -E cmake_progress_report /home/njozsef/cheali-git/cheali-charger-test1/CMakeFiles/CMakeTmp/CMakeFiles 1]
  ignore line: [Building C object CMakeFiles/cmTryCompileExec689161469.dir/CMakeCCompilerABI.c.obj]
  ignore line: [/usr/bin/avr-gcc    -o CMakeFiles/cmTryCompileExec689161469.dir/CMakeCCompilerABI.c.obj   -c /usr/share/cmake-2.8/Modules/CMakeCCompilerABI.c]
  ignore line: [Linking C executable cmTryCompileExec689161469]
  ignore line: [/usr/bin/cmake -E cmake_link_script CMakeFiles/cmTryCompileExec689161469.dir/link.txt --verbose=1]
  ignore line: [/usr/bin/avr-gcc       -v CMakeFiles/cmTryCompileExec689161469.dir/CMakeCCompilerABI.c.obj  -o cmTryCompileExec689161469   ]
  ignore line: [Using built-in specs.]
  ignore line: [COLLECT_GCC=/usr/bin/avr-gcc]
  ignore line: [COLLECT_LTO_WRAPPER=/usr/lib/gcc/avr/4.7.2/lto-wrapper]
  ignore line: [Target: avr]
  ignore line: [Configured with: ../src/configure -v --enable-languages=c,c++ --prefix=/usr/lib --infodir=/usr/share/info --mandir=/usr/share/man --bindir=/usr/bin --libexecdir=/usr/lib --libdir=/usr/lib --enable-shared --with-system-zlib --enable-long-long --enable-nls --without-included-gettext --disable-libssp --build=i686-linux-gnu --host=i686-linux-gnu --target=avr]
  ignore line: [Thread model: single]
  ignore line: [gcc version 4.7.2 (GCC) ]
  ignore line: [COMPILER_PATH=/usr/lib/gcc/avr/4.7.2/:/usr/lib/gcc/avr/4.7.2/:/usr/lib/gcc/avr/:/usr/lib/gcc/avr/4.7.2/:/usr/lib/gcc/avr/:/usr/lib/gcc/avr/4.7.2/../../../avr/bin/]
  ignore line: [LIBRARY_PATH=/usr/lib/gcc/avr/4.7.2/:/usr/lib/gcc/avr/4.7.2/../../../avr/lib/]
  ignore line: [COLLECT_GCC_OPTIONS='-v' '-o' 'cmTryCompileExec689161469']
  link line: [ /usr/lib/gcc/avr/4.7.2/collect2 -o cmTryCompileExec689161469 -L/usr/lib/gcc/avr/4.7.2 -L/usr/lib/gcc/avr/4.7.2/../../../avr/lib CMakeFiles/cmTryCompileExec689161469.dir/CMakeCCompilerABI.c.obj -lgcc -lc -lgcc]
    arg [/usr/lib/gcc/avr/4.7.2/collect2] ==> ignore
    arg [-o] ==> ignore
    arg [cmTryCompileExec689161469] ==> ignore
    arg [-L/usr/lib/gcc/avr/4.7.2] ==> dir [/usr/lib/gcc/avr/4.7.2]
    arg [-L/usr/lib/gcc/avr/4.7.2/../../../avr/lib] ==> dir [/usr/lib/gcc/avr/4.7.2/../../../avr/lib]
    arg [CMakeFiles/cmTryCompileExec689161469.dir/CMakeCCompilerABI.c.obj] ==> ignore
    arg [-lgcc] ==> lib [gcc]
    arg [-lc] ==> lib [c]
    arg [-lgcc] ==> lib [gcc]
  remove lib [gcc]
  remove lib [gcc]
  collapse library dir [/usr/lib/gcc/avr/4.7.2] ==> [/usr/lib/gcc/avr/4.7.2]
  collapse library dir [/usr/lib/gcc/avr/4.7.2/../../../avr/lib] ==> [/usr/lib/avr/lib]
  implicit libs: [c]
  implicit dirs: [/usr/lib/gcc/avr/4.7.2;/usr/lib/avr/lib]
  implicit fwks: []


Determining if the CXX compiler works passed with the following output:
Change Dir: /home/njozsef/cheali-git/cheali-charger-test1/CMakeFiles/CMakeTmp

Run Build Command:/usr/bin/make "cmTryCompileExec1825958787/fast"
/usr/bin/make -f CMakeFiles/cmTryCompileExec1825958787.dir/build.make CMakeFiles/cmTryCompileExec1825958787.dir/build
make[1]: Entering directory `/home/njozsef/cheali-git/cheali-charger-test1/CMakeFiles/CMakeTmp'
/usr/bin/cmake -E cmake_progress_report /home/njozsef/cheali-git/cheali-charger-test1/CMakeFiles/CMakeTmp/CMakeFiles 1
Building CXX object CMakeFiles/cmTryCompileExec1825958787.dir/testCXXCompiler.cxx.obj
/usr/bin/avr-g++     -o CMakeFiles/cmTryCompileExec1825958787.dir/testCXXCompiler.cxx.obj -c /home/njozsef/cheali-git/cheali-charger-test1/CMakeFiles/CMakeTmp/testCXXCompiler.cxx
Linking CXX executable cmTryCompileExec1825958787
/usr/bin/cmake -E cmake_link_script CMakeFiles/cmTryCompileExec1825958787.dir/link.txt --verbose=1
/usr/bin/avr-g++          CMakeFiles/cmTryCompileExec1825958787.dir/testCXXCompiler.cxx.obj  -o cmTryCompileExec1825958787  
make[1]: Leaving directory `/home/njozsef/cheali-git/cheali-charger-test1/CMakeFiles/CMakeTmp'


Detecting CXX compiler ABI info compiled with the following output:
Change Dir: /home/njozsef/cheali-git/cheali-charger-test1/CMakeFiles/CMakeTmp

Run Build Command:/usr/bin/make "cmTryCompileExec1237998414/fast"
/usr/bin/make -f CMakeFiles/cmTryCompileExec1237998414.dir/build.make CMakeFiles/cmTryCompileExec1237998414.dir/build
make[1]: Entering directory `/home/njozsef/cheali-git/cheali-charger-test1/CMakeFiles/CMakeTmp'
/usr/bin/cmake -E cmake_progress_report /home/njozsef/cheali-git/cheali-charger-test1/CMakeFiles/CMakeTmp/CMakeFiles 1
Building CXX object CMakeFiles/cmTryCompileExec1237998414.dir/CMakeCXXCompilerABI.cpp.obj
/usr/bin/avr-g++     -o CMakeFiles/cmTryCompileExec1237998414.dir/CMakeCXXCompilerABI.cpp.obj -c /usr/share/cmake-2.8/Modules/CMakeCXXCompilerABI.cpp
Linking CXX executable cmTryCompileExec1237998414
/usr/bin/cmake -E cmake_link_script CMakeFiles/cmTryCompileExec1237998414.dir/link.txt --verbose=1
/usr/bin/avr-g++        -v CMakeFiles/cmTryCompileExec1237998414.dir/CMakeCXXCompilerABI.cpp.obj  -o cmTryCompileExec1237998414   
Using built-in specs.
COLLECT_GCC=/usr/bin/avr-g++
COLLECT_LTO_WRAPPER=/usr/lib/gcc/avr/4.7.2/lto-wrapper
Target: avr
Configured with: ../src/configure -v --enable-languages=c,c++ --prefix=/usr/lib --infodir=/usr/share/info --mandir=/usr/share/man --bindir=/usr/bin --libexecdir=/usr/lib --libdir=/usr/lib --enable-shared --with-system-zlib --enable-long-long --enable-nls --without-included-gettext --disable-libssp --build=i686-linux-gnu --host=i686-linux-gnu --target=avr
Thread model: single
gcc version 4.7.2 (GCC) 
COMPILER_PATH=/usr/lib/gcc/avr/4.7.2/:/usr/lib/gcc/avr/4.7.2/:/usr/lib/gcc/avr/:/usr/lib/gcc/avr/4.7.2/:/usr/lib/gcc/avr/:/usr/lib/gcc/avr/4.7.2/../../../avr/bin/
LIBRARY_PATH=/usr/lib/gcc/avr/4.7.2/:/usr/lib/gcc/avr/4.7.2/../../../avr/lib/
COLLECT_GCC_OPTIONS='-v' '-o' 'cmTryCompileExec1237998414'
 /usr/lib/gcc/avr/4.7.2/collect2 -o cmTryCompileExec1237998414 -L/usr/lib/gcc/avr/4.7.2 -L/usr/lib/gcc/avr/4.7.2/../../../avr/lib CMakeFiles/cmTryCompileExec1237998414.dir/CMakeCXXCompilerABI.cpp.obj -lgcc -lm -lgcc -lc -lgcc
make[1]: Leaving directory `/home/njozsef/cheali-git/cheali-charger-test1/CMakeFiles/CMakeTmp'


Parsed CXX implicit link information from above output:
  link line regex: [^( *|.*[/\])(avr-ld|ld|collect2)[^/\]*( |$)]
  ignore line: [Change Dir: /home/njozsef/cheali-git/cheali-charger-test1/CMakeFiles/CMakeTmp]
  ignore line: []
  ignore line: [Run Build Command:/usr/bin/make "cmTryCompileExec1237998414/fast"]
  ignore line: [/usr/bin/make -f CMakeFiles/cmTryCompileExec1237998414.dir/build.make CMakeFiles/cmTryCompileExec1237998414.dir/build]
  ignore line: [make[1]: Entering directory `/home/njozsef/cheali-git/cheali-charger-test1/CMakeFiles/CMakeTmp']
  ignore line: [/usr/bin/cmake -E cmake_progress_report /home/njozsef/cheali-git/cheali-charger-test1/CMakeFiles/CMakeTmp/CMakeFiles 1]
  ignore line: [Building CXX object CMakeFiles/cmTryCompileExec1237998414.dir/CMakeCXXCompilerABI.cpp.obj]
  ignore line: [/usr/bin/avr-g++     -o CMakeFiles/cmTryCompileExec1237998414.dir/CMakeCXXCompilerABI.cpp.obj -c /usr/share/cmake-2.8/Modules/CMakeCXXCompilerABI.cpp]
  ignore line: [Linking CXX executable cmTryCompileExec1237998414]
  ignore line: [/usr/bin/cmake -E cmake_link_script CMakeFiles/cmTryCompileExec1237998414.dir/link.txt --verbose=1]
  ignore line: [/usr/bin/avr-g++        -v CMakeFiles/cmTryCompileExec1237998414.dir/CMakeCXXCompilerABI.cpp.obj  -o cmTryCompileExec1237998414   ]
  ignore line: [Using built-in specs.]
  ignore line: [COLLECT_GCC=/usr/bin/avr-g++]
  ignore line: [COLLECT_LTO_WRAPPER=/usr/lib/gcc/avr/4.7.2/lto-wrapper]
  ignore line: [Target: avr]
  ignore line: [Configured with: ../src/configure -v --enable-languages=c,c++ --prefix=/usr/lib --infodir=/usr/share/info --mandir=/usr/share/man --bindir=/usr/bin --libexecdir=/usr/lib --libdir=/usr/lib --enable-shared --with-system-zlib --enable-long-long --enable-nls --without-included-gettext --disable-libssp --build=i686-linux-gnu --host=i686-linux-gnu --target=avr]
  ignore line: [Thread model: single]
  ignore line: [gcc version 4.7.2 (GCC) ]
  ignore line: [COMPILER_PATH=/usr/lib/gcc/avr/4.7.2/:/usr/lib/gcc/avr/4.7.2/:/usr/lib/gcc/avr/:/usr/lib/gcc/avr/4.7.2/:/usr/lib/gcc/avr/:/usr/lib/gcc/avr/4.7.2/../../../avr/bin/]
  ignore line: [LIBRARY_PATH=/usr/lib/gcc/avr/4.7.2/:/usr/lib/gcc/avr/4.7.2/../../../avr/lib/]
  ignore line: [COLLECT_GCC_OPTIONS='-v' '-o' 'cmTryCompileExec1237998414']
  link line: [ /usr/lib/gcc/avr/4.7.2/collect2 -o cmTryCompileExec1237998414 -L/usr/lib/gcc/avr/4.7.2 -L/usr/lib/gcc/avr/4.7.2/../../../avr/lib CMakeFiles/cmTryCompileExec1237998414.dir/CMakeCXXCompilerABI.cpp.obj -lgcc -lm -lgcc -lc -lgcc]
    arg [/usr/lib/gcc/avr/4.7.2/collect2] ==> ignore
    arg [-o] ==> ignore
    arg [cmTryCompileExec1237998414] ==> ignore
    arg [-L/usr/lib/gcc/avr/4.7.2] ==> dir [/usr/lib/gcc/avr/4.7.2]
    arg [-L/usr/lib/gcc/avr/4.7.2/../../../avr/lib] ==> dir [/usr/lib/gcc/avr/4.7.2/../../../avr/lib]
    arg [CMakeFiles/cmTryCompileExec1237998414.dir/CMakeCXXCompilerABI.cpp.obj] ==> ignore
    arg [-lgcc] ==> lib [gcc]
    arg [-lm] ==> lib [m]
    arg [-lgcc] ==> lib [gcc]
    arg [-lc] ==> lib [c]
    arg [-lgcc] ==> lib [gcc]
  remove lib [gcc]
  remove lib [gcc]
  remove lib [gcc]
  collapse library dir [/usr/lib/gcc/avr/4.7.2] ==> [/usr/lib/gcc/avr/4.7.2]
  collapse library dir [/usr/lib/gcc/avr/4.7.2/../../../avr/lib] ==> [/usr/lib/avr/lib]
  implicit libs: [m;c]
  implicit dirs: [/usr/lib/gcc/avr/4.7.2;/usr/lib/avr/lib]
  implicit fwks: []


